#
# There is insufficient memory for the Java Runtime Environment to continue.
# Native memory allocation (malloc) failed to allocate 65552 bytes. Error detail: Chunk::new
# Possible reasons:
#   The system is out of physical RAM or swap space
#   This process is running with CompressedOops enabled, and the Java Heap may be blocking the growth of the native heap
# Possible solutions:
#   Reduce memory load on the system
#   Increase physical memory or swap space
#   Check if swap backing store is full
#   Decrease Java heap size (-Xmx/-Xms)
#   Decrease number of Java threads
#   Decrease Java thread stack sizes (-Xss)
#   Set larger code cache with -XX:ReservedCodeCacheSize=
#
#   (arena.cpp:191), pid=13000, tid=9088
#
# JRE version: OpenJDK Runtime Environment Zulu17.50+19-CA (17.0.11+9) (build 17.0.11+9-LTS)
# Java VM: OpenJDK 64-Bit Server VM Zulu17.50+19-CA (17.0.11+9-LTS, mixed mode, sharing, tiered, compressed oops, compressed class ptrs, g1 gc, windows-amd64)
# No core dump will be written. Minidumps are not enabled by default on client versions of Windows
#

---------------  S U M M A R Y ------------

Command Line: -Xmx64m -Xms64m -Dorg.gradle.appname=gradlew org.gradle.wrapper.GradleWrapperMain validateJavaVersion clean assembleDebug -p H:/godot-projects/Space Shooter ME/android/build -Pexport_package_name=com.example.spaceshootss -Pexport_version_code=1 -Pexport_version_name=spaceshootss -Pexport_version_min_sdk=24 -Pexport_version_target_sdk=29 -Pexport_enabled_abis=arm64-v8a -Pplugins_local_binaries= -Pplugins_remote_binaries= -Pplugins_maven_repos= -Pperform_zipalign=true -Pperform_signing=false -Pgodot_editor_version=4.2.2.stable

Host: 12th Gen Intel(R) Core(TM) i3-12100F, 8 cores, 47G,  Windows 11 , 64 bit Build 22621 (10.0.22621.3672)
Time: Mon Jul  8 20:04:26 2024 SE Asia Standard Time elapsed time: 25.747567 seconds (0d 0h 0m 25s)

---------------  T H R E A D  ---------------

Current thread (0x000001a47f378060):  JavaThread "C2 CompilerThread0" daemon [_thread_in_native, id=9088, stack(0x000000155fe00000,0x000000155ff00000)]


Current CompileTask:
C2:  25747 1302   !   4       java.util.concurrent.ConcurrentHashMap::transfer (849 bytes)

Stack: [0x000000155fe00000,0x000000155ff00000]
Native frames: (J=compiled Java code, j=interpreted, Vv=VM code, C=native code)
V  [jvm.dll+0x681759]
V  [jvm.dll+0x8391ea]
V  [jvm.dll+0x83acae]
V  [jvm.dll+0x83b313]
V  [jvm.dll+0x24b8bf]
V  [jvm.dll+0xac534]
V  [jvm.dll+0xacb7c]
V  [jvm.dll+0x6a5243]
V  [jvm.dll+0x2192b2]
V  [jvm.dll+0x1a551d]
V  [jvm.dll+0x22981e]
V  [jvm.dll+0x2279dc]
V  [jvm.dll+0x7ee377]
V  [jvm.dll+0x7e875a]
V  [jvm.dll+0x680645]
C  [ucrtbase.dll+0x29333]
C  [KERNEL32.DLL+0x1257d]
C  [ntdll.dll+0x5af28]


---------------  P R O C E S S  ---------------

Threads class SMR info:
_java_thread_list=0x000001a47f365020, length=15, elements={
0x000001a47291b7a0, 0x000001a47f353730, 0x000001a47f354110, 0x000001a47f36dea0,
0x000001a47f36e880, 0x000001a47f371170, 0x000001a47f371a50, 0x000001a47f378060,
0x000001a47f380a40, 0x000001a47f381970, 0x000001a47f5b1d30, 0x000001a47f5d6ee0,
0x000001a45413ad80, 0x000001a454b8b910, 0x000001a454b7b890
}

Java Threads: ( => current thread )
  0x000001a47291b7a0 JavaThread "main" [_thread_in_vm, id=13684, stack(0x000000155f100000,0x000000155f200000)]
  0x000001a47f353730 JavaThread "Reference Handler" daemon [_thread_blocked, id=15728, stack(0x000000155f800000,0x000000155f900000)]
  0x000001a47f354110 JavaThread "Finalizer" daemon [_thread_blocked, id=22700, stack(0x000000155f900000,0x000000155fa00000)]
  0x000001a47f36dea0 JavaThread "Signal Dispatcher" daemon [_thread_blocked, id=24600, stack(0x000000155fa00000,0x000000155fb00000)]
  0x000001a47f36e880 JavaThread "Attach Listener" daemon [_thread_blocked, id=25376, stack(0x000000155fb00000,0x000000155fc00000)]
  0x000001a47f371170 JavaThread "Service Thread" daemon [_thread_blocked, id=20984, stack(0x000000155fc00000,0x000000155fd00000)]
  0x000001a47f371a50 JavaThread "Monitor Deflation Thread" daemon [_thread_blocked, id=30028, stack(0x000000155fd00000,0x000000155fe00000)]
=>0x000001a47f378060 JavaThread "C2 CompilerThread0" daemon [_thread_in_native, id=9088, stack(0x000000155fe00000,0x000000155ff00000)]
  0x000001a47f380a40 JavaThread "C1 CompilerThread0" daemon [_thread_in_native, id=15696, stack(0x000000155ff00000,0x0000001560000000)]
  0x000001a47f381970 JavaThread "Sweeper thread" daemon [_thread_blocked, id=26812, stack(0x0000001560000000,0x0000001560100000)]
  0x000001a47f5b1d30 JavaThread "Notification Thread" daemon [_thread_blocked, id=31180, stack(0x0000001560100000,0x0000001560200000)]
  0x000001a47f5d6ee0 JavaThread "Common-Cleaner" daemon [_thread_blocked, id=23636, stack(0x0000001560300000,0x0000001560400000)]
  0x000001a45413ad80 JavaThread "pool-1-thread-1" [_thread_blocked, id=21744, stack(0x0000001560a00000,0x0000001560b00000)]
  0x000001a454b8b910 JavaThread "DisconnectableInputStream source reader" daemon [_thread_in_native, id=18840, stack(0x0000001560b00000,0x0000001560c00000)]
  0x000001a454b7b890 JavaThread "Forward input" [_thread_blocked, id=5448, stack(0x0000001560c00000,0x0000001560d00000)]

Other Threads:
  0x000001a47f34ddb0 VMThread "VM Thread" [stack: 0x000000155f700000,0x000000155f800000] [id=7736]
  0x000001a47f5d5060 WatcherThread [stack: 0x0000001560200000,0x0000001560300000] [id=14448]
  0x000001a47293d190 GCTaskThread "GC Thread#0" [stack: 0x000000155f200000,0x000000155f300000] [id=21824]
  0x000001a4547c7110 GCTaskThread "GC Thread#1" [stack: 0x0000001560600000,0x0000001560700000] [id=26988]
  0x000001a4547c68a0 GCTaskThread "GC Thread#2" [stack: 0x0000001560700000,0x0000001560800000] [id=6748]
  0x000001a4547c6b70 GCTaskThread "GC Thread#3" [stack: 0x0000001560800000,0x0000001560900000] [id=12472]
  0x000001a4547c76b0 GCTaskThread "GC Thread#4" [stack: 0x0000001560900000,0x0000001560a00000] [id=18548]
  0x000001a47293e6a0 ConcurrentGCThread "G1 Main Marker" [stack: 0x000000155f300000,0x000000155f400000] [id=31136]
  0x000001a47293ee70 ConcurrentGCThread "G1 Conc#0" [stack: 0x000000155f400000,0x000000155f500000] [id=6120]
  0x000001a4729a1970 ConcurrentGCThread "G1 Refine#0" [stack: 0x000000155f500000,0x000000155f600000] [id=15044]
  0x000001a4729a2160 ConcurrentGCThread "G1 Service" [stack: 0x000000155f600000,0x000000155f700000] [id=5424]

Threads with active compile tasks:
C2 CompilerThread0    25762 1302   !   4       java.util.concurrent.ConcurrentHashMap::transfer (849 bytes)
C1 CompilerThread0    25762 1306   !   3       jdk.internal.reflect.UTF8::encode (191 bytes)

VM state: not at safepoint (normal execution)

VM Mutex/Monitor currently owned by a thread: None

Heap address: 0x00000000fc000000, size: 64 MB, Compressed Oops mode: 32-bit

CDS archive(s) mapped at: [0x000001a40f000000-0x000001a40fbd0000-0x000001a40fbd0000), size 12386304, SharedBaseAddress: 0x000001a40f000000, ArchiveRelocationMode: 1.
Compressed class space mapped at: 0x000001a410000000-0x000001a450000000, reserved size: 1073741824
Narrow klass base: 0x000001a40f000000, Narrow klass shift: 0, Narrow klass range: 0x100000000

GC Precious Log:
 CPUs: 8 total, 8 available
 Memory: 48997M
 Large Page Support: Disabled
 NUMA Support: Disabled
 Compressed Oops: Enabled (32-bit)
 Heap Region Size: 1M
 Heap Min Capacity: 64M
 Heap Initial Capacity: 64M
 Heap Max Capacity: 64M
 Pre-touch: Disabled
 Parallel Workers: 8
 Concurrent Workers: 2
 Concurrent Refinement Workers: 8
 Periodic GC: Disabled

Heap:
 garbage-first heap   total 65536K, used 25056K [0x00000000fc000000, 0x0000000100000000)
  region size 1024K, 18 young (18432K), 3 survivors (3072K)
 Metaspace       used 8867K, committed 9088K, reserved 1114112K
  class space    used 1197K, committed 1280K, reserved 1048576K

Heap Regions: E=young(eden), S=young(survivor), O=old, HS=humongous(starts), HC=humongous(continues), CS=collection set, F=free, OA=open archive, CA=closed archive, TAMS=top-at-mark-start (previous, next)
|   0|0x00000000fc000000, 0x00000000fc100000, 0x00000000fc100000|100%|HS|  |TAMS 0x00000000fc000000, 0x00000000fc000000| Complete 
|   1|0x00000000fc100000, 0x00000000fc200000, 0x00000000fc200000|100%|HC|  |TAMS 0x00000000fc100000, 0x00000000fc100000| Complete 
|   2|0x00000000fc200000, 0x00000000fc300000, 0x00000000fc300000|100%|HC|  |TAMS 0x00000000fc200000, 0x00000000fc200000| Complete 
|   3|0x00000000fc300000, 0x00000000fc400000, 0x00000000fc400000|100%|HC|  |TAMS 0x00000000fc300000, 0x00000000fc300000| Complete 
|   4|0x00000000fc400000, 0x00000000fc500000, 0x00000000fc500000|100%| O|  |TAMS 0x00000000fc400000, 0x00000000fc400000| Untracked 
|   5|0x00000000fc500000, 0x00000000fc600000, 0x00000000fc600000|100%| O|  |TAMS 0x00000000fc500000, 0x00000000fc500000| Untracked 
|   6|0x00000000fc600000, 0x00000000fc700000, 0x00000000fc700000|100%| O|  |TAMS 0x00000000fc600000, 0x00000000fc600000| Untracked 
|   7|0x00000000fc700000, 0x00000000fc778000, 0x00000000fc800000| 46%| O|  |TAMS 0x00000000fc700000, 0x00000000fc700000| Untracked 
|   8|0x00000000fc800000, 0x00000000fc800000, 0x00000000fc900000|  0%| F|  |TAMS 0x00000000fc800000, 0x00000000fc800000| Untracked 
|   9|0x00000000fc900000, 0x00000000fc900000, 0x00000000fca00000|  0%| F|  |TAMS 0x00000000fc900000, 0x00000000fc900000| Untracked 
|  10|0x00000000fca00000, 0x00000000fca00000, 0x00000000fcb00000|  0%| F|  |TAMS 0x00000000fca00000, 0x00000000fca00000| Untracked 
|  11|0x00000000fcb00000, 0x00000000fcb00000, 0x00000000fcc00000|  0%| F|  |TAMS 0x00000000fcb00000, 0x00000000fcb00000| Untracked 
|  12|0x00000000fcc00000, 0x00000000fcc00000, 0x00000000fcd00000|  0%| F|  |TAMS 0x00000000fcc00000, 0x00000000fcc00000| Untracked 
|  13|0x00000000fcd00000, 0x00000000fcd00000, 0x00000000fce00000|  0%| F|  |TAMS 0x00000000fcd00000, 0x00000000fcd00000| Untracked 
|  14|0x00000000fce00000, 0x00000000fce00000, 0x00000000fcf00000|  0%| F|  |TAMS 0x00000000fce00000, 0x00000000fce00000| Untracked 
|  15|0x00000000fcf00000, 0x00000000fcf00000, 0x00000000fd000000|  0%| F|  |TAMS 0x00000000fcf00000, 0x00000000fcf00000| Untracked 
|  16|0x00000000fd000000, 0x00000000fd000000, 0x00000000fd100000|  0%| F|  |TAMS 0x00000000fd000000, 0x00000000fd000000| Untracked 
|  17|0x00000000fd100000, 0x00000000fd100000, 0x00000000fd200000|  0%| F|  |TAMS 0x00000000fd100000, 0x00000000fd100000| Untracked 
|  18|0x00000000fd200000, 0x00000000fd200000, 0x00000000fd300000|  0%| F|  |TAMS 0x00000000fd200000, 0x00000000fd200000| Untracked 
|  19|0x00000000fd300000, 0x00000000fd300000, 0x00000000fd400000|  0%| F|  |TAMS 0x00000000fd300000, 0x00000000fd300000| Untracked 
|  20|0x00000000fd400000, 0x00000000fd400000, 0x00000000fd500000|  0%| F|  |TAMS 0x00000000fd400000, 0x00000000fd400000| Untracked 
|  21|0x00000000fd500000, 0x00000000fd500000, 0x00000000fd600000|  0%| F|  |TAMS 0x00000000fd500000, 0x00000000fd500000| Untracked 
|  22|0x00000000fd600000, 0x00000000fd600000, 0x00000000fd700000|  0%| F|  |TAMS 0x00000000fd600000, 0x00000000fd600000| Untracked 
|  23|0x00000000fd700000, 0x00000000fd700000, 0x00000000fd800000|  0%| F|  |TAMS 0x00000000fd700000, 0x00000000fd700000| Untracked 
|  24|0x00000000fd800000, 0x00000000fd800000, 0x00000000fd900000|  0%| F|  |TAMS 0x00000000fd800000, 0x00000000fd800000| Untracked 
|  25|0x00000000fd900000, 0x00000000fd900000, 0x00000000fda00000|  0%| F|  |TAMS 0x00000000fd900000, 0x00000000fd900000| Untracked 
|  26|0x00000000fda00000, 0x00000000fda00000, 0x00000000fdb00000|  0%| F|  |TAMS 0x00000000fda00000, 0x00000000fda00000| Untracked 
|  27|0x00000000fdb00000, 0x00000000fdb00000, 0x00000000fdc00000|  0%| F|  |TAMS 0x00000000fdb00000, 0x00000000fdb00000| Untracked 
|  28|0x00000000fdc00000, 0x00000000fdc00000, 0x00000000fdd00000|  0%| F|  |TAMS 0x00000000fdc00000, 0x00000000fdc00000| Untracked 
|  29|0x00000000fdd00000, 0x00000000fdd00000, 0x00000000fde00000|  0%| F|  |TAMS 0x00000000fdd00000, 0x00000000fdd00000| Untracked 
|  30|0x00000000fde00000, 0x00000000fde00000, 0x00000000fdf00000|  0%| F|  |TAMS 0x00000000fde00000, 0x00000000fde00000| Untracked 
|  31|0x00000000fdf00000, 0x00000000fdf00000, 0x00000000fe000000|  0%| F|  |TAMS 0x00000000fdf00000, 0x00000000fdf00000| Untracked 
|  32|0x00000000fe000000, 0x00000000fe000000, 0x00000000fe100000|  0%| F|  |TAMS 0x00000000fe000000, 0x00000000fe000000| Untracked 
|  33|0x00000000fe100000, 0x00000000fe100000, 0x00000000fe200000|  0%| F|  |TAMS 0x00000000fe100000, 0x00000000fe100000| Untracked 
|  34|0x00000000fe200000, 0x00000000fe200000, 0x00000000fe300000|  0%| F|  |TAMS 0x00000000fe200000, 0x00000000fe200000| Untracked 
|  35|0x00000000fe300000, 0x00000000fe300000, 0x00000000fe400000|  0%| F|  |TAMS 0x00000000fe300000, 0x00000000fe300000| Untracked 
|  36|0x00000000fe400000, 0x00000000fe400000, 0x00000000fe500000|  0%| F|  |TAMS 0x00000000fe400000, 0x00000000fe400000| Untracked 
|  37|0x00000000fe500000, 0x00000000fe500000, 0x00000000fe600000|  0%| F|  |TAMS 0x00000000fe500000, 0x00000000fe500000| Untracked 
|  38|0x00000000fe600000, 0x00000000fe700000, 0x00000000fe700000|100%| S|CS|TAMS 0x00000000fe600000, 0x00000000fe600000| Complete 
|  39|0x00000000fe700000, 0x00000000fe800000, 0x00000000fe800000|100%| S|CS|TAMS 0x00000000fe700000, 0x00000000fe700000| Complete 
|  40|0x00000000fe800000, 0x00000000fe900000, 0x00000000fe900000|100%| S|CS|TAMS 0x00000000fe800000, 0x00000000fe800000| Complete 
|  41|0x00000000fe900000, 0x00000000fe900000, 0x00000000fea00000|  0%| F|  |TAMS 0x00000000fe900000, 0x00000000fe900000| Untracked 
|  42|0x00000000fea00000, 0x00000000fea00000, 0x00000000feb00000|  0%| F|  |TAMS 0x00000000fea00000, 0x00000000fea00000| Untracked 
|  43|0x00000000feb00000, 0x00000000feb00000, 0x00000000fec00000|  0%| F|  |TAMS 0x00000000feb00000, 0x00000000feb00000| Untracked 
|  44|0x00000000fec00000, 0x00000000fec00000, 0x00000000fed00000|  0%| F|  |TAMS 0x00000000fec00000, 0x00000000fec00000| Untracked 
|  45|0x00000000fed00000, 0x00000000fed00000, 0x00000000fee00000|  0%| F|  |TAMS 0x00000000fed00000, 0x00000000fed00000| Untracked 
|  46|0x00000000fee00000, 0x00000000fee00000, 0x00000000fef00000|  0%| F|  |TAMS 0x00000000fee00000, 0x00000000fee00000| Untracked 
|  47|0x00000000fef00000, 0x00000000fef00000, 0x00000000ff000000|  0%| F|  |TAMS 0x00000000fef00000, 0x00000000fef00000| Untracked 
|  48|0x00000000ff000000, 0x00000000ff000000, 0x00000000ff100000|  0%| F|  |TAMS 0x00000000ff000000, 0x00000000ff000000| Untracked 
|  49|0x00000000ff100000, 0x00000000ff200000, 0x00000000ff200000|100%| E|  |TAMS 0x00000000ff100000, 0x00000000ff100000| Complete 
|  50|0x00000000ff200000, 0x00000000ff300000, 0x00000000ff300000|100%| E|CS|TAMS 0x00000000ff200000, 0x00000000ff200000| Complete 
|  51|0x00000000ff300000, 0x00000000ff400000, 0x00000000ff400000|100%| E|CS|TAMS 0x00000000ff300000, 0x00000000ff300000| Complete 
|  52|0x00000000ff400000, 0x00000000ff500000, 0x00000000ff500000|100%| E|CS|TAMS 0x00000000ff400000, 0x00000000ff400000| Complete 
|  53|0x00000000ff500000, 0x00000000ff600000, 0x00000000ff600000|100%| E|CS|TAMS 0x00000000ff500000, 0x00000000ff500000| Complete 
|  54|0x00000000ff600000, 0x00000000ff700000, 0x00000000ff700000|100%| E|CS|TAMS 0x00000000ff600000, 0x00000000ff600000| Complete 
|  55|0x00000000ff700000, 0x00000000ff800000, 0x00000000ff800000|100%| E|CS|TAMS 0x00000000ff700000, 0x00000000ff700000| Complete 
|  56|0x00000000ff800000, 0x00000000ff900000, 0x00000000ff900000|100%| E|CS|TAMS 0x00000000ff800000, 0x00000000ff800000| Complete 
|  57|0x00000000ff900000, 0x00000000ffa00000, 0x00000000ffa00000|100%| E|CS|TAMS 0x00000000ff900000, 0x00000000ff900000| Complete 
|  58|0x00000000ffa00000, 0x00000000ffb00000, 0x00000000ffb00000|100%| E|CS|TAMS 0x00000000ffa00000, 0x00000000ffa00000| Complete 
|  59|0x00000000ffb00000, 0x00000000ffc00000, 0x00000000ffc00000|100%| E|CS|TAMS 0x00000000ffb00000, 0x00000000ffb00000| Complete 
|  60|0x00000000ffc00000, 0x00000000ffd00000, 0x00000000ffd00000|100%| E|CS|TAMS 0x00000000ffc00000, 0x00000000ffc00000| Complete 
|  61|0x00000000ffd00000, 0x00000000ffe00000, 0x00000000ffe00000|100%| E|CS|TAMS 0x00000000ffd00000, 0x00000000ffd00000| Complete 
|  62|0x00000000ffe00000, 0x00000000fff00000, 0x00000000fff00000|100%| E|CS|TAMS 0x00000000ffe00000, 0x00000000ffe00000| Complete 
|  63|0x00000000fff00000, 0x0000000100000000, 0x0000000100000000|100%| E|CS|TAMS 0x00000000fff00000, 0x00000000fff00000| Complete 

Card table byte_map: [0x000001a47c730000,0x000001a47c750000] _byte_map_base: 0x000001a47bf50000

Marking Bits (Prev, Next): (CMBitMap*) 0x000001a47293d570, (CMBitMap*) 0x000001a47293d5b0
 Prev Bits: [0x000001a47c770000, 0x000001a47c870000)
 Next Bits: [0x000001a47c870000, 0x000001a47c970000)

Polling page: 0x000001a4729c0000

Metaspace:

Usage:
  Non-class:      7.49 MB used.
      Class:      1.17 MB used.
       Both:      8.66 MB used.

Virtual space:
  Non-class space:       64.00 MB reserved,       7.62 MB ( 12%) committed,  1 nodes.
      Class space:        1.00 GB reserved,       1.25 MB ( <1%) committed,  1 nodes.
             Both:        1.06 GB reserved,       8.88 MB ( <1%) committed. 

Chunk freelists:
   Non-Class:  8.18 MB
       Class:  14.57 MB
        Both:  22.76 MB

MaxMetaspaceSize: unlimited
CompressedClassSpaceSize: 1.00 GB
Initial GC threshold: 21.00 MB
Current GC threshold: 21.00 MB
CDS: on
MetaspaceReclaimPolicy: balanced
 - commit_granule_bytes: 65536.
 - commit_granule_words: 8192.
 - virtual_space_node_default_size: 8388608.
 - enlarge_chunks_in_place: 1.
 - new_chunks_are_fully_committed: 0.
 - uncommit_free_chunks: 1.
 - use_allocation_guard: 0.
 - handle_deallocations: 1.


Internal statistics:

num_allocs_failed_limit: 0.
num_arena_births: 82.
num_arena_deaths: 0.
num_vsnodes_births: 2.
num_vsnodes_deaths: 0.
num_space_committed: 142.
num_space_uncommitted: 0.
num_chunks_returned_to_freelist: 0.
num_chunks_taken_from_freelist: 311.
num_chunk_merges: 0.
num_chunk_splits: 208.
num_chunks_enlarged: 168.
num_inconsistent_stats: 0.

CodeHeap 'non-profiled nmethods': size=120000Kb used=524Kb max_used=524Kb free=119475Kb
 bounds [0x000001a407ad0000, 0x000001a407d40000, 0x000001a40f000000]
CodeHeap 'profiled nmethods': size=120000Kb used=2423Kb max_used=2423Kb free=117576Kb
 bounds [0x000001a400000000, 0x000001a400270000, 0x000001a407530000]
CodeHeap 'non-nmethods': size=5760Kb used=1166Kb max_used=1179Kb free=4593Kb
 bounds [0x000001a407530000, 0x000001a4077a0000, 0x000001a407ad0000]
 total_blobs=1765 nmethods=1304 adapters=374
 compilation: enabled
              stopped_count=0, restarted_count=0
 full_count=0

Compilation events (20 events):
Event: 22.812 Thread 0x000001a47f380a40 nmethod 1290 0x000001a400258e90 code [0x000001a4002590a0, 0x000001a4002597a8]
Event: 23.498 Thread 0x000001a47f380a40 1291       3       java.util.concurrent.atomic.AtomicLong::compareAndSet (13 bytes)
Event: 23.498 Thread 0x000001a47f380a40 nmethod 1291 0x000001a400259990 code [0x000001a400259b20, 0x000001a400259c58]
Event: 24.511 Thread 0x000001a47f380a40 1293       3       java.util.concurrent.locks.LockSupport::parkNanos (29 bytes)
Event: 24.511 Thread 0x000001a47f380a40 nmethod 1293 0x000001a400259d10 code [0x000001a400259ee0, 0x000001a40025a0e8]
Event: 24.855 Thread 0x000001a47f380a40 1294       3       java.nio.CharBuffer::position (6 bytes)
Event: 24.855 Thread 0x000001a47f380a40 nmethod 1294 0x000001a40025a210 code [0x000001a40025a3c0, 0x000001a40025a568]
Event: 24.856 Thread 0x000001a47f380a40 1295       3       java.nio.ByteBuffer::array (35 bytes)
Event: 24.856 Thread 0x000001a47f380a40 nmethod 1295 0x000001a40025a610 code [0x000001a40025a7e0, 0x000001a40025aab8]
Event: 25.599 Thread 0x000001a47f380a40 1296       3       org.gradle.internal.time.TimeSource$1::nanoTime (4 bytes)
Event: 25.599 Thread 0x000001a47f380a40 nmethod 1296 0x000001a40025ac10 code [0x000001a40025ada0, 0x000001a40025aed8]
Event: 25.745 Thread 0x000001a47f380a40 1297       3       jdk.internal.reflect.ClassFileAssembler::emitShort (24 bytes)
Event: 25.746 Thread 0x000001a47f380a40 nmethod 1297 0x000001a40025af90 code [0x000001a40025b160, 0x000001a40025b458]
Event: 25.746 Thread 0x000001a47f380a40 1298       3       jdk.internal.reflect.ClassFileAssembler::cpi (22 bytes)
Event: 25.746 Thread 0x000001a47f380a40 nmethod 1298 0x000001a40025b610 code [0x000001a40025b7c0, 0x000001a40025b9e8]
Event: 25.746 Thread 0x000001a47f380a40 1299       3       java.lang.invoke.MethodHandles$Lookup::<init> (84 bytes)
Event: 25.746 Thread 0x000001a47f380a40 nmethod 1299 0x000001a40025ba90 code [0x000001a40025bc40, 0x000001a40025be78]
Event: 25.746 Thread 0x000001a47f380a40 1301       3       sun.invoke.util.BytecodeDescriptor::unparse (24 bytes)
Event: 25.747 Thread 0x000001a47f380a40 nmethod 1301 0x000001a40025bf10 code [0x000001a40025c0c0, 0x000001a40025c2c8]
Event: 25.747 Thread 0x000001a47f378060 1302   !   4       java.util.concurrent.ConcurrentHashMap::transfer (849 bytes)

GC Heap History (2 events):
Event: 0.363 GC heap before
{Heap before GC invocations=0 (full 0):
 garbage-first heap   total 65536K, used 26624K [0x00000000fc000000, 0x0000000100000000)
  region size 1024K, 23 young (23552K), 0 survivors (0K)
 Metaspace       used 3849K, committed 3968K, reserved 1114112K
  class space    used 468K, committed 512K, reserved 1048576K
}
Event: 0.367 GC heap after
{Heap after GC invocations=1 (full 0):
 garbage-first heap   total 65536K, used 10720K [0x00000000fc000000, 0x0000000100000000)
  region size 1024K, 3 young (3072K), 3 survivors (3072K)
 Metaspace       used 3849K, committed 3968K, reserved 1114112K
  class space    used 468K, committed 512K, reserved 1048576K
}

Dll operation events (12 events):
Event: 0.009 Loaded shared library F:\java-17-win11\bin\java.dll
Event: 0.022 Loaded shared library F:\java-17-win11\bin\jsvml.dll
Event: 0.047 Loaded shared library F:\java-17-win11\bin\net.dll
Event: 0.048 Loaded shared library F:\java-17-win11\bin\nio.dll
Event: 0.049 Loaded shared library F:\java-17-win11\bin\zip.dll
Event: 0.183 Loaded shared library F:\java-17-win11\bin\jimage.dll
Event: 0.228 Loaded shared library F:\java-17-win11\bin\verify.dll
Event: 0.389 Loaded shared library C:\Users\XNDRIVE-PC\.gradle\native\68d5fa5c4cc2d200863cafc0d521ce42e7d3e7ee720ec0a83991735586a16f82\windows-amd64\native-platform.dll
Event: 0.452 Loaded shared library F:\java-17-win11\bin\management.dll
Event: 0.454 Loaded shared library F:\java-17-win11\bin\management_ext.dll
Event: 0.661 Loaded shared library F:\java-17-win11\bin\extnet.dll
Event: 0.682 Loaded shared library F:\java-17-win11\bin\sunmscapi.dll

Deoptimization events (20 events):
Event: 0.502 Thread 0x000001a47291b7a0 Uncommon trap: trap_request=0xffffffc6 fr.pc=0x000001a407b393d8 relative=0x0000000000000578
Event: 0.502 Thread 0x000001a47291b7a0 Uncommon trap: reason=bimorphic_or_optimized_type_check action=maybe_recompile pc=0x000001a407b393d8 method=java.util.concurrent.ConcurrentHashMap.get(Ljava/lang/Object;)Ljava/lang/Object; @ 149 c2
Event: 0.502 Thread 0x000001a47291b7a0 DEOPT PACKING pc=0x000001a407b393d8 sp=0x000000155f1fb710
Event: 0.502 Thread 0x000001a47291b7a0 DEOPT UNPACKING pc=0x000001a4075869a3 sp=0x000000155f1fb6b0 mode 2
Event: 0.670 Thread 0x000001a47291b7a0 Uncommon trap: trap_request=0xffffff45 fr.pc=0x000001a407b07460 relative=0x0000000000000620
Event: 0.670 Thread 0x000001a47291b7a0 Uncommon trap: reason=unstable_if action=reinterpret pc=0x000001a407b07460 method=java.lang.AbstractStringBuilder.append(Ljava/lang/String;)Ljava/lang/AbstractStringBuilder; @ 1 c2
Event: 0.670 Thread 0x000001a47291b7a0 DEOPT PACKING pc=0x000001a407b07460 sp=0x000000155f1fc4b0
Event: 0.670 Thread 0x000001a47291b7a0 DEOPT UNPACKING pc=0x000001a4075869a3 sp=0x000000155f1fc430 mode 2
Event: 0.670 Thread 0x000001a47291b7a0 Uncommon trap: trap_request=0xffffff45 fr.pc=0x000001a407b1ab70 relative=0x0000000000000630
Event: 0.670 Thread 0x000001a47291b7a0 Uncommon trap: reason=unstable_if action=reinterpret pc=0x000001a407b1ab70 method=java.lang.AbstractStringBuilder.append(Ljava/lang/String;)Ljava/lang/AbstractStringBuilder; @ 1 c2
Event: 0.670 Thread 0x000001a47291b7a0 DEOPT PACKING pc=0x000001a407b1ab70 sp=0x000000155f1fc450
Event: 0.670 Thread 0x000001a47291b7a0 DEOPT UNPACKING pc=0x000001a4075869a3 sp=0x000000155f1fc438 mode 2
Event: 0.680 Thread 0x000001a47291b7a0 Uncommon trap: trap_request=0xffffff45 fr.pc=0x000001a407b090b0 relative=0x0000000000000f90
Event: 0.680 Thread 0x000001a47291b7a0 Uncommon trap: reason=unstable_if action=reinterpret pc=0x000001a407b090b0 method=java.util.HashMap.putVal(ILjava/lang/Object;Ljava/lang/Object;ZZ)Ljava/lang/Object; @ 162 c2
Event: 0.680 Thread 0x000001a47291b7a0 DEOPT PACKING pc=0x000001a407b090b0 sp=0x000000155f1fa4f0
Event: 0.680 Thread 0x000001a47291b7a0 DEOPT UNPACKING pc=0x000001a4075869a3 sp=0x000000155f1fa428 mode 2
Event: 0.706 Thread 0x000001a47291b7a0 Uncommon trap: trap_request=0xffffff45 fr.pc=0x000001a407b231e8 relative=0x0000000000000408
Event: 0.706 Thread 0x000001a47291b7a0 Uncommon trap: reason=unstable_if action=reinterpret pc=0x000001a407b231e8 method=java.util.regex.Matcher.match(II)Z @ 76 c2
Event: 0.706 Thread 0x000001a47291b7a0 DEOPT PACKING pc=0x000001a407b231e8 sp=0x000000155f1fb720
Event: 0.706 Thread 0x000001a47291b7a0 DEOPT UNPACKING pc=0x000001a4075869a3 sp=0x000000155f1fb6d8 mode 2

Classes unloaded (0 events):
No events

Classes redefined (0 events):
No events

Internal exceptions (18 events):
Event: 0.109 Thread 0x000001a47291b7a0 Exception <a 'java/lang/NoSuchMethodError'{0x00000000ffc6cc00}: 'int java.lang.invoke.DirectMethodHandle$Holder.invokeStaticInit(java.lang.Object, java.lang.Object)'> (0x00000000ffc6cc00) 
thrown [s\src\hotspot\share\interpreter\linkResolver.cpp, line 759]
Event: 0.348 Thread 0x000001a47291b7a0 Exception <a 'java/lang/NoSuchMethodError'{0x00000000fe926470}: 'void java.lang.invoke.DirectMethodHandle$Holder.invokeStatic(java.lang.Object, java.lang.Object)'> (0x00000000fe926470) 
thrown [s\src\hotspot\share\interpreter\linkResolver.cpp, line 759]
Event: 0.362 Thread 0x000001a47291b7a0 Exception <a 'java/lang/NoClassDefFoundError'{0x00000000fe9ea310}: org/slf4j/impl/StaticMarkerBinder> (0x00000000fe9ea310) 
thrown [s\src\hotspot\share\classfile\systemDictionary.cpp, line 248]
Event: 0.377 Thread 0x000001a47291b7a0 Exception <a 'java/lang/NoSuchMethodError'{0x00000000fff8bb80}: 'java.lang.Object java.lang.invoke.DirectMethodHandle$Holder.invokeVirtual(java.lang.Object, java.lang.Object, java.lang.Object, java.lang.Object, java.lang.Object, java.lang.Object, java.lang.Object)'> (0x00000000fff8bb80) 
thrown [s\src\hotspot\share\interpreter\linkResolver.cpp, line 759]
Event: 0.378 Thread 0x000001a47291b7a0 Exception <a 'java/lang/NoSuchMethodError'{0x00000000fff9d780}: 'java.lang.Object java.lang.invoke.Invokers$Holder.invoker(java.lang.Object, java.lang.Object, java.lang.Object)'> (0x00000000fff9d780) 
thrown [s\src\hotspot\share\interpreter\linkResolver.cpp, line 759]
Event: 0.378 Thread 0x000001a47291b7a0 Exception <a 'java/lang/NoSuchMethodError'{0x00000000fffa6958}: 'java.lang.Object java.lang.invoke.DirectMethodHandle$Holder.invokeStatic(java.lang.Object, java.lang.Object, int)'> (0x00000000fffa6958) 
thrown [s\src\hotspot\share\interpreter\linkResolver.cpp, line 759]
Event: 0.379 Thread 0x000001a47291b7a0 Exception <a 'java/lang/NoSuchMethodError'{0x00000000fffb2648}: 'void java.lang.invoke.DelegatingMethodHandle$Holder.delegate(java.lang.Object, java.lang.Object, int, java.lang.Object)'> (0x00000000fffb2648) 
thrown [s\src\hotspot\share\interpreter\linkResolver.cpp, line 759]
Event: 0.380 Thread 0x000001a47291b7a0 Exception <a 'java/lang/NoSuchMethodError'{0x00000000fffb6810}: 'int java.lang.invoke.DirectMethodHandle$Holder.invokeSpecial(java.lang.Object, java.lang.Object, java.lang.Object)'> (0x00000000fffb6810) 
thrown [s\src\hotspot\share\interpreter\linkResolver.cpp, line 759]
Event: 0.381 Thread 0x000001a47291b7a0 Exception <a 'java/lang/NoSuchMethodError'{0x00000000fffc9958}: 'java.lang.Object java.lang.invoke.Invokers$Holder.invokeExact_MT(java.lang.Object, java.lang.Object, java.lang.Object, java.lang.Object)'> (0x00000000fffc9958) 
thrown [s\src\hotspot\share\interpreter\linkResolver.cpp, line 759]
Event: 0.436 Thread 0x000001a47291b7a0 Exception <a 'java/lang/NoSuchMethodError'{0x00000000ffa96f08}: 'void java.lang.invoke.DirectMethodHandle$Holder.invokeSpecial(java.lang.Object, java.lang.Object, java.lang.Object)'> (0x00000000ffa96f08) 
thrown [s\src\hotspot\share\interpreter\linkResolver.cpp, line 759]
Event: 0.442 Thread 0x000001a47291b7a0 Implicit null exception at 0x000001a407b2830c to 0x000001a407b28850
Event: 0.442 Thread 0x000001a47291b7a0 Implicit null exception at 0x000001a407b0f68a to 0x000001a407b0fbd4
Event: 0.451 Thread 0x000001a47291b7a0 Exception <a 'java/lang/NoSuchMethodError'{0x00000000ff9f9420}: 'java.lang.Object java.lang.invoke.DirectMethodHandle$Holder.invokeStaticInit(java.lang.Object)'> (0x00000000ff9f9420) 
thrown [s\src\hotspot\share\interpreter\linkResolver.cpp, line 759]
Event: 0.498 Thread 0x000001a47291b7a0 Exception <a 'java/lang/NoSuchMethodError'{0x00000000ff5b3ee0}: 'java.lang.Object java.lang.invoke.DirectMethodHandle$Holder.invokeStaticInit(java.lang.Object, int, int, int, int)'> (0x00000000ff5b3ee0) 
thrown [s\src\hotspot\share\interpreter\linkResolver.cpp, line 759]
Event: 0.526 Thread 0x000001a47291b7a0 Exception <a 'java/lang/NoSuchMethodError'{0x00000000ff5da320}: 'java.lang.Object java.lang.invoke.DirectMethodHandle$Holder.invokeStaticInit(java.lang.Object, java.lang.Object, int, int, int, int)'> (0x00000000ff5da320) 
thrown [s\src\hotspot\share\interpreter\linkResolver.cpp, line 759]
Event: 0.662 Thread 0x000001a47291b7a0 Exception <a 'java/lang/NoSuchMethodError'{0x00000000ff40b278}: 'void java.lang.invoke.DirectMethodHandle$Holder.invokeStatic(java.lang.Object, java.lang.Object, java.lang.Object)'> (0x00000000ff40b278) 
thrown [s\src\hotspot\share\interpreter\linkResolver.cpp, line 759]
Event: 0.670 Thread 0x000001a47291b7a0 Implicit null exception at 0x000001a407b06e72 to 0x000001a407b07448
Event: 0.670 Thread 0x000001a47291b7a0 Implicit null exception at 0x000001a407b1a572 to 0x000001a407b1ab58

VM Operations (20 events):
Event: 0.363 Executing VM operation: G1CollectForAllocation
Event: 0.367 Executing VM operation: G1CollectForAllocation done
Event: 0.378 Executing VM operation: HandshakeAllThreads
Event: 0.378 Executing VM operation: HandshakeAllThreads done
Event: 0.477 Executing VM operation: HandshakeAllThreads
Event: 0.477 Executing VM operation: HandshakeAllThreads done
Event: 0.525 Executing VM operation: HandshakeAllThreads
Event: 0.525 Executing VM operation: HandshakeAllThreads done
Event: 1.534 Executing VM operation: Cleanup
Event: 1.535 Executing VM operation: Cleanup done
Event: 5.547 Executing VM operation: Cleanup
Event: 5.547 Executing VM operation: Cleanup done
Event: 10.596 Executing VM operation: Cleanup
Event: 10.597 Executing VM operation: Cleanup done
Event: 14.616 Executing VM operation: Cleanup
Event: 14.616 Executing VM operation: Cleanup done
Event: 23.670 Executing VM operation: Cleanup
Event: 23.670 Executing VM operation: Cleanup done
Event: 25.692 Executing VM operation: Cleanup
Event: 25.692 Executing VM operation: Cleanup done

Events (20 events):
Event: 25.743 loading class java/io/ClassCache$1
Event: 25.743 loading class java/io/ClassCache$1 done
Event: 25.743 loading class java/io/ObjectStreamClass$Caches$2
Event: 25.744 loading class java/io/ObjectStreamClass$Caches$2 done
Event: 25.744 loading class java/io/Externalizable
Event: 25.744 loading class java/io/Externalizable done
Event: 25.744 loading class java/io/ObjectStreamClass$2
Event: 25.744 loading class java/io/ObjectStreamClass$2 done
Event: 25.744 loading class jdk/internal/reflect/UnsafeFieldAccessorFactory
Event: 25.744 loading class jdk/internal/reflect/UnsafeFieldAccessorFactory done
Event: 25.745 loading class jdk/internal/reflect/UnsafeQualifiedStaticLongFieldAccessorImpl
Event: 25.745 loading class jdk/internal/reflect/UnsafeQualifiedStaticFieldAccessorImpl
Event: 25.745 loading class jdk/internal/reflect/UnsafeQualifiedStaticFieldAccessorImpl done
Event: 25.745 loading class jdk/internal/reflect/UnsafeQualifiedStaticLongFieldAccessorImpl done
Event: 25.745 loading class java/util/ComparableTimSort
Event: 25.745 loading class java/util/ComparableTimSort done
Event: 25.745 loading class jdk/internal/reflect/SerializationConstructorAccessorImpl
Event: 25.746 loading class jdk/internal/reflect/SerializationConstructorAccessorImpl done
Event: 25.746 loading class jdk/internal/reflect/BootstrapConstructorAccessorImpl
Event: 25.746 loading class jdk/internal/reflect/BootstrapConstructorAccessorImpl done


Dynamic libraries:
0x00007ff60f450000 - 0x00007ff60f45e000 	F:\java-17-win11\bin\java.exe
0x00007fffcdeb0000 - 0x00007fffce0c7000 	C:\WINDOWS\SYSTEM32\ntdll.dll
0x00007fffcc510000 - 0x00007fffcc5d4000 	C:\WINDOWS\System32\KERNEL32.DLL
0x00007fffcb3f0000 - 0x00007fffcb79c000 	C:\WINDOWS\System32\KERNELBASE.dll
0x00007fffc7890000 - 0x00007fffc7927000 	C:\WINDOWS\SYSTEM32\apphelp.dll
0x00007fffcb2d0000 - 0x00007fffcb3e1000 	C:\WINDOWS\System32\ucrtbase.dll
0x00007fffba510000 - 0x00007fffba529000 	F:\java-17-win11\bin\jli.dll
0x00007fffab800000 - 0x00007fffab81b000 	F:\java-17-win11\bin\VCRUNTIME140.dll
0x00007fffcdcc0000 - 0x00007fffcde6e000 	C:\WINDOWS\System32\USER32.dll
0x00007fffbe8e0000 - 0x00007fffbeb73000 	C:\WINDOWS\WinSxS\amd64_microsoft.windows.common-controls_6595b64144ccf1df_6.0.22621.3672_none_2713b9d173822955\COMCTL32.dll
0x00007fffcb7a0000 - 0x00007fffcb7c6000 	C:\WINDOWS\System32\win32u.dll
0x00007fffcc8d0000 - 0x00007fffcc977000 	C:\WINDOWS\System32\msvcrt.dll
0x00007fffcc720000 - 0x00007fffcc749000 	C:\WINDOWS\System32\GDI32.dll
0x00007fffcb7d0000 - 0x00007fffcb8e9000 	C:\WINDOWS\System32\gdi32full.dll
0x00007fffcbb20000 - 0x00007fffcbbba000 	C:\WINDOWS\System32\msvcp_win.dll
0x00007fffcc890000 - 0x00007fffcc8c1000 	C:\WINDOWS\System32\IMM32.DLL
0x00007fffbf870000 - 0x00007fffbf87c000 	F:\java-17-win11\bin\vcruntime140_1.dll
0x00007fff6a5f0000 - 0x00007fff6a67d000 	F:\java-17-win11\bin\msvcp140.dll
0x00007fff1e330000 - 0x00007fff1ef99000 	F:\java-17-win11\bin\server\jvm.dll
0x00007fffcbf10000 - 0x00007fffcbfc2000 	C:\WINDOWS\System32\ADVAPI32.dll
0x00007fffcc5e0000 - 0x00007fffcc68a000 	C:\WINDOWS\System32\sechost.dll
0x00007fffcbbc0000 - 0x00007fffcbbe8000 	C:\WINDOWS\System32\bcrypt.dll
0x00007fffcbff0000 - 0x00007fffcc105000 	C:\WINDOWS\System32\RPCRT4.dll
0x00007fffaf080000 - 0x00007fffaf089000 	C:\WINDOWS\SYSTEM32\WSOCK32.dll
0x00007fffcb0a0000 - 0x00007fffcb0ed000 	C:\WINDOWS\SYSTEM32\POWRPROF.dll
0x00007fffcced0000 - 0x00007fffccf41000 	C:\WINDOWS\System32\WS2_32.dll
0x00007fffc14a0000 - 0x00007fffc14aa000 	C:\WINDOWS\SYSTEM32\VERSION.dll
0x00007fffc49b0000 - 0x00007fffc49e4000 	C:\WINDOWS\SYSTEM32\WINMM.dll
0x00007fffcb080000 - 0x00007fffcb093000 	C:\WINDOWS\SYSTEM32\UMPDC.dll
0x00007fffca1b0000 - 0x00007fffca1c8000 	C:\WINDOWS\SYSTEM32\kernel.appcore.dll
0x00007fffabbc0000 - 0x00007fffabbca000 	F:\java-17-win11\bin\jimage.dll
0x00007fffb7600000 - 0x00007fffb7832000 	C:\WINDOWS\SYSTEM32\DBGHELP.DLL
0x00007fffcc980000 - 0x00007fffccd08000 	C:\WINDOWS\System32\combase.dll
0x00007fffcc410000 - 0x00007fffcc4e7000 	C:\WINDOWS\System32\OLEAUT32.dll
0x00007fffbe5b0000 - 0x00007fffbe5e2000 	C:\WINDOWS\SYSTEM32\dbgcore.DLL
0x00007fffcb1e0000 - 0x00007fffcb25b000 	C:\WINDOWS\System32\bcryptPrimitives.dll
0x00007fffaa0e0000 - 0x00007fffaa105000 	F:\java-17-win11\bin\java.dll
0x00007fff4bd80000 - 0x00007fff4be57000 	F:\java-17-win11\bin\jsvml.dll
0x00007fffcd3d0000 - 0x00007fffcdc2c000 	C:\WINDOWS\System32\SHELL32.dll
0x00007fffc90c0000 - 0x00007fffc99b7000 	C:\WINDOWS\SYSTEM32\windows.storage.dll
0x00007fffc8f80000 - 0x00007fffc90bf000 	C:\WINDOWS\SYSTEM32\wintypes.dll
0x00007fffcc110000 - 0x00007fffcc204000 	C:\WINDOWS\System32\SHCORE.dll
0x00007fffcc810000 - 0x00007fffcc86e000 	C:\WINDOWS\System32\shlwapi.dll
0x00007fffcb110000 - 0x00007fffcb131000 	C:\WINDOWS\SYSTEM32\profapi.dll
0x00007fffab7e0000 - 0x00007fffab7f9000 	F:\java-17-win11\bin\net.dll
0x00007fffc5a10000 - 0x00007fffc5b46000 	C:\WINDOWS\SYSTEM32\WINHTTP.dll
0x00007fffca610000 - 0x00007fffca679000 	C:\WINDOWS\system32\mswsock.dll
0x00007fffaa070000 - 0x00007fffaa086000 	F:\java-17-win11\bin\nio.dll
0x00007fffa83f0000 - 0x00007fffa8408000 	F:\java-17-win11\bin\zip.dll
0x00007fffa83e0000 - 0x00007fffa83f0000 	F:\java-17-win11\bin\verify.dll
0x00007fffabd30000 - 0x00007fffabd57000 	C:\Users\XNDRIVE-PC\.gradle\native\68d5fa5c4cc2d200863cafc0d521ce42e7d3e7ee720ec0a83991735586a16f82\windows-amd64\native-platform.dll
0x00007fffa7cf0000 - 0x00007fffa7cf9000 	F:\java-17-win11\bin\management.dll
0x00007fffa7ce0000 - 0x00007fffa7ceb000 	F:\java-17-win11\bin\management_ext.dll
0x00007fffcc880000 - 0x00007fffcc888000 	C:\WINDOWS\System32\PSAPI.DLL
0x00007fffca960000 - 0x00007fffca97b000 	C:\WINDOWS\SYSTEM32\CRYPTSP.dll
0x00007fffca110000 - 0x00007fffca145000 	C:\WINDOWS\system32\rsaenh.dll
0x00007fffca6b0000 - 0x00007fffca6d8000 	C:\WINDOWS\SYSTEM32\USERENV.dll
0x00007fffca940000 - 0x00007fffca94c000 	C:\WINDOWS\SYSTEM32\CRYPTBASE.dll
0x00007fffc9c20000 - 0x00007fffc9c4d000 	C:\WINDOWS\SYSTEM32\IPHLPAPI.DLL
0x00007fffcc800000 - 0x00007fffcc809000 	C:\WINDOWS\System32\NSI.dll
0x00007fffc6b90000 - 0x00007fffc6ba9000 	C:\WINDOWS\SYSTEM32\dhcpcsvc6.DLL
0x00007fffc64b0000 - 0x00007fffc64cf000 	C:\WINDOWS\SYSTEM32\dhcpcsvc.DLL
0x00007fffc9c90000 - 0x00007fffc9d88000 	C:\WINDOWS\SYSTEM32\DNSAPI.dll
0x00007fffa7cd0000 - 0x00007fffa7cd9000 	F:\java-17-win11\bin\extnet.dll
0x00007fffa6a40000 - 0x00007fffa6a4e000 	F:\java-17-win11\bin\sunmscapi.dll
0x00007fffcb9b0000 - 0x00007fffcbb17000 	C:\WINDOWS\System32\CRYPT32.dll
0x00007fffcaaa0000 - 0x00007fffcaace000 	C:\WINDOWS\SYSTEM32\ncrypt.dll
0x00007fffcaa20000 - 0x00007fffcaa57000 	C:\WINDOWS\SYSTEM32\NTASN1.dll
0x00007fffc6c90000 - 0x00007fffc6c98000 	C:\WINDOWS\system32\wshunix.dll

dbghelp: loaded successfully - version: 4.0.5 - missing functions: none
symbol engine: initialized successfully - sym options: 0x614 - pdb path: .;F:\java-17-win11\bin;C:\WINDOWS\SYSTEM32;C:\WINDOWS\WinSxS\amd64_microsoft.windows.common-controls_6595b64144ccf1df_6.0.22621.3672_none_2713b9d173822955;F:\java-17-win11\bin\server;C:\Users\XNDRIVE-PC\.gradle\native\68d5fa5c4cc2d200863cafc0d521ce42e7d3e7ee720ec0a83991735586a16f82\windows-amd64

VM Arguments:
jvm_args: -Xmx64m -Xms64m -Dorg.gradle.appname=gradlew 
java_command: org.gradle.wrapper.GradleWrapperMain validateJavaVersion clean assembleDebug -p H:/godot-projects/Space Shooter ME/android/build -Pexport_package_name=com.example.spaceshootss -Pexport_version_code=1 -Pexport_version_name=spaceshootss -Pexport_version_min_sdk=24 -Pexport_version_target_sdk=29 -Pexport_enabled_abis=arm64-v8a -Pplugins_local_binaries= -Pplugins_remote_binaries= -Pplugins_maven_repos= -Pperform_zipalign=true -Pperform_signing=false -Pgodot_editor_version=4.2.2.stable
java_class_path (initial): H:\godot-projects\Space Shooter ME\android\build\\gradle\wrapper\gradle-wrapper.jar
Launcher Type: SUN_STANDARD

[Global flags]
     intx CICompilerCount                          = 4                                         {product} {ergonomic}
     uint ConcGCThreads                            = 2                                         {product} {ergonomic}
     uint G1ConcRefinementThreads                  = 8                                         {product} {ergonomic}
   size_t G1HeapRegionSize                         = 1048576                                   {product} {ergonomic}
    uintx GCDrainStackTargetSize                   = 64                                        {product} {ergonomic}
   size_t InitialHeapSize                          = 67108864                                  {product} {command line}
   size_t MarkStackSize                            = 4194304                                   {product} {ergonomic}
   size_t MaxHeapSize                              = 67108864                                  {product} {command line}
   size_t MaxNewSize                               = 39845888                                  {product} {ergonomic}
   size_t MinHeapDeltaBytes                        = 1048576                                   {product} {ergonomic}
   size_t MinHeapSize                              = 67108864                                  {product} {command line}
    uintx NonNMethodCodeHeapSize                   = 5839372                                {pd product} {ergonomic}
    uintx NonProfiledCodeHeapSize                  = 122909434                              {pd product} {ergonomic}
    uintx ProfiledCodeHeapSize                     = 122909434                              {pd product} {ergonomic}
    uintx ReservedCodeCacheSize                    = 251658240                              {pd product} {ergonomic}
     bool SegmentedCodeCache                       = true                                      {product} {ergonomic}
   size_t SoftMaxHeapSize                          = 67108864                               {manageable} {ergonomic}
     bool UseCompressedClassPointers               = true                           {product lp64_product} {ergonomic}
     bool UseCompressedOops                        = true                           {product lp64_product} {ergonomic}
     bool UseG1GC                                  = true                                      {product} {ergonomic}
     bool UseLargePagesIndividualAllocation        = false                                  {pd product} {ergonomic}

Logging:
Log output configuration:
 #0: stdout all=warning uptime,level,tags
 #1: stderr all=off uptime,level,tags

Environment Variables:
JAVA_HOME=F:\java-17-win11
CLASSPATH=H:\godot-projects\Space Shooter ME\android\build\\gradle\wrapper\gradle-wrapper.jar
PATH=H:\Softwares\miniconda3\condabin;F:\java-17-win11\bin\;C:\Program Files (x86)\Common Files\Intel\Shared Libraries\redist\intel64\compiler;F:\Zulu-win11\jdk19\bin\;F:\java-jdk-zulu\bin\;C:\Windows\system32;C:\Windows;C:\Windows\System32\Wbem;C:\Windows\System32\WindowsPowerShell\v1.0\;C:\Windows\System32\OpenSSH\;C:\Program Files (x86)\NVIDIA Corporation\PhysX\Common;C:\Program Files\dotnet\;F:\Git-win11\cmd;F:\gradle-7.1-bin-win11\bin;C:\WINDOWS\system32;C:\WINDOWS;C:\WINDOWS\System32\Wbem;C:\WINDOWS\System32\WindowsPowerShell\v1.0\;C:\WINDOWS\System32\OpenSSH\;H:\Softwares\nvm;C:\Program Files\nodejs;C:\Program Files\NVIDIA Corporation\NVIDIA App\NvDLISR;C:\Program Files\Cloudflare\Cloudflare WARP\;C:\Users\XNDRIVE-PC\AppData\Local\Microsoft\WindowsApps;F:\Software\Android\Android Studio\jre\bin;F:\Software\Development\php;F:\Software\Development\composer;C:\Users\XNDRIVE-PC\AppData\Roaming\Composer\vendor\bin;F:\Software\Youtube-dl\;F:\Microsoft VS Code-win11\bin;F:\Android-sdk-win11\platform-tools;E:\Skyrim Modding Tools\TexA_Optimizer-49809-9-3-4-1654590408\Non_Avx_Version;F:\Software\VLC;F:\heroku-win11\bin;H:\Softwares\PyCharm Community Edition 2023.2\bin;F:\dart-sdk\bin;F:\scrcpy-win64-v2.1.1;I:\Users\XNDRIVE-PC\Downloads\Compressed\aircrack-ng-1.7-win\bin;F:\ffmpeg-2023-11-13-git-67a2571a55-full_build\bin;C:\Users\XNDRIVE-PC\AppData\Local\GitHubDesktop\bin;F:\gallery-dl;F:\FreeArc-win11\bin
USERNAME=XNDRIVE-PC
OS=Windows_NT
PROCESSOR_IDENTIFIER=Intel64 Family 6 Model 151 Stepping 5, GenuineIntel
TMP=C:\Users\XNDRIVE-PC\AppData\Local\Temp
TEMP=C:\Users\XNDRIVE-PC\AppData\Local\Temp



Periodic native trim disabled


---------------  S Y S T E M  ---------------

OS:
 Windows 11 , 64 bit Build 22621 (10.0.22621.3672)
OS uptime: 9 days 10:38 hours
Hyper-V role detected

CPU: total 8 (initial active 8) (4 cores per cpu, 2 threads per core) family 6 model 151 stepping 5 microcode 0x1f, cx8, cmov, fxsr, ht, mmx, 3dnowpref, sse, sse2, sse3, ssse3, sse4.1, sse4.2, popcnt, lzcnt, tsc, tscinvbit, avx, avx2, aes, erms, clmul, bmi1, bmi2, adx, sha, fma, vzeroupper, clflush, clflushopt, clwb, hv
Processor Information for all 8 processors :
  Max Mhz: 3300, Current Mhz: 3300, Mhz Limit: 3300

Memory: 4k page, system-wide physical 48997M (23352M free)
TotalPageFile size 48997M (AvailPageFile size 0M)
current process WorkingSet (physical memory assigned to process): 89M, peak: 96M
current process commit charge ("private bytes"): 162M, peak: 168M

vm_info: OpenJDK 64-Bit Server VM (17.0.11+9-LTS) for windows-amd64 JRE (17.0.11+9-LTS) (Zulu17.50+19-CA), built on Apr  9 2024 07:23:02 by "zulu_re" with MS VC++ 16.10 / 16.11 (VS2019)

END.
